{"contracts\\Auction.sol":{"l":{"37":8,"41":2,"42":1,"46":1,"51":8,"53":7,"54":7,"56":7,"58":7,"64":7,"76":7,"78":7,"82":5,"84":5,"85":5,"87":5,"88":5,"89":5,"91":5,"92":0,"95":5,"99":5,"101":5,"102":5,"103":5,"104":4,"106":3,"108":3,"110":3,"111":3,"112":3,"113":3,"115":3,"116":3,"118":3,"120":3,"122":3,"126":1},"path":"C:\\Users\\vikto\\OneDrive\\Рабочий стол\\jobs\\auction\\contracts\\Auction.sol","s":{"1":2,"2":1,"3":8,"4":7,"5":7,"6":7,"7":7,"8":7,"9":7,"10":7,"11":5,"12":5,"13":5,"14":5,"15":5,"16":5,"17":5,"18":0,"19":5,"20":5,"21":5,"22":5,"23":5,"24":4,"25":3,"26":3,"27":3,"28":3,"29":3,"30":3,"31":3,"32":3,"33":3,"34":1},"b":{"1":[1,1],"2":[7,1],"3":[0,7],"4":[5,0],"5":[5,0],"6":[0,5],"7":[5,0],"8":[5,0],"9":[4,1],"10":[3,1],"11":[3,0],"12":[3,0],"13":[1,1]},"f":{"1":8,"2":2,"3":1,"4":8,"5":5,"6":5,"7":1},"fnMap":{"1":{"name":"constructor","line":36,"loc":{"start":{"line":36,"column":4},"end":{"line":38,"column":4}}},"2":{"name":"onlyOwner","line":40,"loc":{"start":{"line":40,"column":4},"end":{"line":43,"column":4}}},"3":{"name":"getAuctions","line":45,"loc":{"start":{"line":45,"column":4},"end":{"line":47,"column":4}}},"4":{"name":"createAuction","line":49,"loc":{"start":{"line":49,"column":4},"end":{"line":79,"column":4}}},"5":{"name":"getAuctionPrice","line":81,"loc":{"start":{"line":81,"column":4},"end":{"line":96,"column":4}}},"6":{"name":"buy","line":98,"loc":{"start":{"line":98,"column":4},"end":{"line":123,"column":4}}},"7":{"name":"withdrawFunds","line":125,"loc":{"start":{"line":125,"column":4},"end":{"line":127,"column":4}}}},"statementMap":{"1":{"start":{"line":41,"column":8},"end":{"line":41,"column":56}},"2":{"start":{"line":46,"column":8},"end":{"line":46,"column":23}},"3":{"start":{"line":51,"column":8},"end":{"line":51,"column":71}},"4":{"start":{"line":53,"column":8},"end":{"line":53,"column":59}},"5":{"start":{"line":54,"column":8},"end":{"line":54,"column":50}},"6":{"start":{"line":56,"column":8},"end":{"line":56,"column":77}},"7":{"start":{"line":58,"column":8},"end":{"line":58,"column":1566}},"8":{"start":{"line":64,"column":8},"end":{"line":64,"column":1720}},"9":{"start":{"line":76,"column":8},"end":{"line":76,"column":32}},"10":{"start":{"line":78,"column":8},"end":{"line":78,"column":79}},"11":{"start":{"line":82,"column":8},"end":{"line":82,"column":66}},"12":{"start":{"line":84,"column":8},"end":{"line":84,"column":49}},"13":{"start":{"line":85,"column":8},"end":{"line":85,"column":51}},"14":{"start":{"line":87,"column":8},"end":{"line":87,"column":59}},"15":{"start":{"line":88,"column":8},"end":{"line":88,"column":65}},"16":{"start":{"line":89,"column":8},"end":{"line":89,"column":55}},"17":{"start":{"line":91,"column":8},"end":{"line":91,"column":2680}},"18":{"start":{"line":92,"column":12},"end":{"line":92,"column":20}},"19":{"start":{"line":95,"column":8},"end":{"line":95,"column":50}},"20":{"start":{"line":99,"column":8},"end":{"line":99,"column":66}},"21":{"start":{"line":101,"column":8},"end":{"line":101,"column":50}},"22":{"start":{"line":102,"column":8},"end":{"line":102,"column":51}},"23":{"start":{"line":103,"column":8},"end":{"line":103,"column":64}},"24":{"start":{"line":104,"column":8},"end":{"line":104,"column":79}},"25":{"start":{"line":106,"column":8},"end":{"line":106,"column":44}},"26":{"start":{"line":108,"column":8},"end":{"line":108,"column":54}},"27":{"start":{"line":110,"column":8},"end":{"line":110,"column":3322}},"28":{"start":{"line":111,"column":12},"end":{"line":111,"column":43}},"29":{"start":{"line":112,"column":12},"end":{"line":112,"column":47}},"30":{"start":{"line":113,"column":12},"end":{"line":113,"column":50}},"31":{"start":{"line":118,"column":8},"end":{"line":118,"column":107}},"32":{"start":{"line":120,"column":8},"end":{"line":120,"column":59}},"33":{"start":{"line":122,"column":8},"end":{"line":122,"column":52}},"34":{"start":{"line":126,"column":8},"end":{"line":126,"column":53}}},"branchMap":{"1":{"line":41,"type":"if","locations":[{"start":{"line":41,"column":8},"end":{"line":41,"column":8}},{"start":{"line":41,"column":8},"end":{"line":41,"column":8}}]},"2":{"line":51,"type":"if","locations":[{"start":{"line":51,"column":8},"end":{"line":51,"column":8}},{"start":{"line":51,"column":8},"end":{"line":51,"column":8}}]},"3":{"line":53,"type":"if","locations":[{"start":{"line":53,"column":39},"end":{"line":53,"column":46}},{"start":{"line":53,"column":50},"end":{"line":53,"column":58}}]},"4":{"line":82,"type":"if","locations":[{"start":{"line":82,"column":8},"end":{"line":82,"column":8}},{"start":{"line":82,"column":8},"end":{"line":82,"column":8}}]},"5":{"line":85,"type":"if","locations":[{"start":{"line":85,"column":8},"end":{"line":85,"column":8}},{"start":{"line":85,"column":8},"end":{"line":85,"column":8}}]},"6":{"line":91,"type":"if","locations":[{"start":{"line":91,"column":8},"end":{"line":91,"column":8}},{"start":{"line":91,"column":8},"end":{"line":91,"column":8}}]},"7":{"line":99,"type":"if","locations":[{"start":{"line":99,"column":8},"end":{"line":99,"column":8}},{"start":{"line":99,"column":8},"end":{"line":99,"column":8}}]},"8":{"line":102,"type":"if","locations":[{"start":{"line":102,"column":8},"end":{"line":102,"column":8}},{"start":{"line":102,"column":8},"end":{"line":102,"column":8}}]},"9":{"line":103,"type":"if","locations":[{"start":{"line":103,"column":8},"end":{"line":103,"column":8}},{"start":{"line":103,"column":8},"end":{"line":103,"column":8}}]},"10":{"line":104,"type":"if","locations":[{"start":{"line":104,"column":8},"end":{"line":104,"column":8}},{"start":{"line":104,"column":8},"end":{"line":104,"column":8}}]},"11":{"line":108,"type":"if","locations":[{"start":{"line":108,"column":8},"end":{"line":108,"column":8}},{"start":{"line":108,"column":8},"end":{"line":108,"column":8}}]},"12":{"line":110,"type":"if","locations":[{"start":{"line":110,"column":8},"end":{"line":110,"column":8}},{"start":{"line":110,"column":8},"end":{"line":110,"column":8}}]},"13":{"line":125,"type":"if","locations":[{"start":{"line":125,"column":44},"end":{"line":125,"column":44}},{"start":{"line":125,"column":44},"end":{"line":125,"column":44}}]}}},"contracts\\PrizeNFT.sol":{"l":{"19":5,"21":5,"23":5,"24":4,"25":4,"31":5,"35":14,"36":14,"37":14,"41":2,"42":1,"47":26,"49":26,"50":12,"51":12,"52":12,"53":12,"54":12,"55":12,"60":26,"61":25,"64":26},"path":"C:\\Users\\vikto\\OneDrive\\Рабочий стол\\jobs\\auction\\contracts\\PrizeNFT.sol","s":{"1":5,"2":5,"3":5,"4":4,"5":5,"6":14,"7":14,"8":2,"9":1,"10":26,"11":26,"12":12,"13":12,"14":12,"15":12,"16":26,"17":25,"18":26},"b":{"1":[12,14],"2":[12,0],"3":[25,1]},"f":{"1":13,"2":5,"3":14,"4":2,"5":26},"fnMap":{"1":{"name":"constructor","line":16,"loc":{"start":{"line":16,"column":4},"end":{"line":16,"column":45}}},"2":{"name":"getOwnerTokens","line":18,"loc":{"start":{"line":18,"column":4},"end":{"line":32,"column":4}}},"3":{"name":"mint","line":34,"loc":{"start":{"line":34,"column":4},"end":{"line":38,"column":4}}},"4":{"name":"burn","line":40,"loc":{"start":{"line":40,"column":4},"end":{"line":43,"column":4}}},"5":{"name":"_update","line":46,"loc":{"start":{"line":46,"column":4},"end":{"line":65,"column":4}}}},"statementMap":{"1":{"start":{"line":19,"column":8},"end":{"line":19,"column":45}},"2":{"start":{"line":21,"column":8},"end":{"line":21,"column":55}},"3":{"start":{"line":23,"column":8},"end":{"line":23,"column":616}},"4":{"start":{"line":24,"column":12},"end":{"line":24,"column":28}},"5":{"start":{"line":31,"column":8},"end":{"line":31,"column":21}},"6":{"start":{"line":35,"column":8},"end":{"line":35,"column":27}},"7":{"start":{"line":36,"column":8},"end":{"line":36,"column":40}},"8":{"start":{"line":41,"column":8},"end":{"line":41,"column":62}},"9":{"start":{"line":42,"column":8},"end":{"line":42,"column":21}},"10":{"start":{"line":47,"column":8},"end":{"line":47,"column":55}},"11":{"start":{"line":49,"column":8},"end":{"line":49,"column":1346}},"12":{"start":{"line":50,"column":12},"end":{"line":50,"column":51}},"13":{"start":{"line":51,"column":12},"end":{"line":51,"column":1443}},"14":{"start":{"line":52,"column":16},"end":{"line":52,"column":1507}},"15":{"start":{"line":54,"column":20},"end":{"line":54,"column":28}},"16":{"start":{"line":60,"column":8},"end":{"line":60,"column":1691}},"17":{"start":{"line":61,"column":12},"end":{"line":61,"column":38}},"18":{"start":{"line":64,"column":8},"end":{"line":64,"column":19}}},"branchMap":{"1":{"line":49,"type":"if","locations":[{"start":{"line":49,"column":8},"end":{"line":49,"column":8}},{"start":{"line":49,"column":8},"end":{"line":49,"column":8}}]},"2":{"line":52,"type":"if","locations":[{"start":{"line":52,"column":16},"end":{"line":52,"column":16}},{"start":{"line":52,"column":16},"end":{"line":52,"column":16}}]},"3":{"line":60,"type":"if","locations":[{"start":{"line":60,"column":8},"end":{"line":60,"column":8}},{"start":{"line":60,"column":8},"end":{"line":60,"column":8}}]}}}}